<?xml version="1.0" encoding="UTF-8"?>
<testsuite xmlns:xsi="http://www.w3.org/2001/XMLSchema-instance" xsi:noNamespaceSchemaLocation="https://maven.apache.org/surefire/maven-surefire-plugin/xsd/surefire-test-report-3.0.xsd" version="3.0" name="TestSuite" time="2.001" tests="2" errors="0" skipped="0" failures="0">
  <properties>
[...]
</properties>
  <testcase name="test1" classname="com.demo.testng.SampleTest" time="0.005">
    <system-out><![CDATA[this is in test1......
]]></system-out>
  </testcase>
  <testcase name="runScenario[&quot;Sunday isn&apos;t Friday&quot;, &quot;Optional[Is it Friday yet?]&quot;](1)" classname="com.demo.cucumber.TestRunner" time="0.138">
    <system-err><![CDATA[Apr 01, 2021 12:30:05 PM io.cucumber.testng.TestNGCucumberOptionsProvider warnWhenJUnitCucumberOptionsAreUsed
WARNING: Ignoring options provided by io.cucumber.junit.CucumberOptions on com.demo.cucumber.TestRunner. It is recommend to use separate runner classes for JUnit and TestNG.
]]></system-err>
  </testcase>
</testsuite>